nohup: ignoring input
Watching for file changes with StatReloader
Performing system checks...

/home/ubuntu/django_project/blogicum/venv/lib/python3.11/site-packages/django/db/models/fields/__init__.py:1416: RuntimeWarning: DateTimeField Post.pub_date received a naive datetime (2025-12-24 15:23:37.387304) while time zone support is active.
  warnings.warn("DateTimeField %s received a naive datetime (%s)"
System check identified no issues (0 silenced).
December 24, 2025 - 15:23:37
Django version 3.2.16, using settings 'blogicum.settings'
Starting development server at http://0.0.0.0:8000/
Quit the server with CONTROL-C.
[24/Dec/2025 15:23:47] "HEAD / HTTP/1.1" 200 12293
[24/Dec/2025 15:23:47,601] - Broken pipe from ('10.206.180.1', 58030)

[24/Dec/2025 15:23:47] "GET / HTTP/1.1" 200 12293
[24/Dec/2025 15:23:47] "GET / HTTP/1.1" 200 12293
[24/Dec/2025 15:23:48] "GET /static/img/logo.png HTTP/1.1" 200 18748
[24/Dec/2025 15:23:48] "GET /blog_images/1000021038.png HTTP/1.1" 200 43910
[24/Dec/2025 15:24:01] "GET / HTTP/1.1" 200 12463
[24/Dec/2025 15:24:01] "GET /blog_images/1000021038.png HTTP/1.1" 200 43910
[24/Dec/2025 15:24:20] "GET /profile/jimi7/ HTTP/1.1" 200 3247
/home/ubuntu/django_project/blogicum/blogicum/settings.py changed, reloading.
Watching for file changes with StatReloader
Performing system checks...

/home/ubuntu/django_project/blogicum/venv/lib/python3.11/site-packages/django/db/models/fields/__init__.py:1416: RuntimeWarning: DateTimeField Post.pub_date received a naive datetime (2025-12-24 15:25:01.801534) while time zone support is active.
  warnings.warn("DateTimeField %s received a naive datetime (%s)"
System check identified no issues (0 silenced).
December 24, 2025 - 15:25:01
Django version 3.2.16, using settings 'blogicum.settings'
Starting development server at http://0.0.0.0:8000/
Quit the server with CONTROL-C.
Exception in thread django-main-thread:
Traceback (most recent call last):
  File "/home/ubuntu/django_project/blogicum/venv/lib/python3.11/site-packages/django/core/servers/basehttp.py", line 45, in get_internal_wsgi_application
    return import_string(app_path)
           ^^^^^^^^^^^^^^^^^^^^^^^
  File "/home/ubuntu/django_project/blogicum/venv/lib/python3.11/site-packages/django/utils/module_loading.py", line 17, in import_string
    module = import_module(module_path)
             ^^^^^^^^^^^^^^^^^^^^^^^^^^
  File "/usr/lib/python3.11/importlib/__init__.py", line 126, in import_module
    return _bootstrap._gcd_import(name[level:], package, level)
           ^^^^^^^^^^^^^^^^^^^^^^^^^^^^^^^^^^^^^^^^^^^^^^^^^^^^
  File "<frozen importlib._bootstrap>", line 1206, in _gcd_import
  File "<frozen importlib._bootstrap>", line 1178, in _find_and_load
  File "<frozen importlib._bootstrap>", line 1149, in _find_and_load_unlocked
  File "<frozen importlib._bootstrap>", line 690, in _load_unlocked
  File "<frozen importlib._bootstrap_external>", line 940, in exec_module
  File "<frozen importlib._bootstrap>", line 241, in _call_with_frames_removed
  File "/home/ubuntu/django_project/blogicum/blogicum/wsgi.py", line 8, in <module>
    application = get_wsgi_application()
                  ^^^^^^^^^^^^^^^^^^^^^^
  File "/home/ubuntu/django_project/blogicum/venv/lib/python3.11/site-packages/django/core/wsgi.py", line 13, in get_wsgi_application
    return WSGIHandler()
           ^^^^^^^^^^^^^
  File "/home/ubuntu/django_project/blogicum/venv/lib/python3.11/site-packages/django/core/handlers/wsgi.py", line 127, in __init__
    self.load_middleware()
  File "/home/ubuntu/django_project/blogicum/venv/lib/python3.11/site-packages/django/core/handlers/base.py", line 40, in load_middleware
    middleware = import_string(middleware_path)
                 ^^^^^^^^^^^^^^^^^^^^^^^^^^^^^^
  File "/home/ubuntu/django_project/blogicum/venv/lib/python3.11/site-packages/django/utils/module_loading.py", line 17, in import_string
    module = import_module(module_path)
             ^^^^^^^^^^^^^^^^^^^^^^^^^^
  File "/usr/lib/python3.11/importlib/__init__.py", line 126, in import_module
    return _bootstrap._gcd_import(name[level:], package, level)
           ^^^^^^^^^^^^^^^^^^^^^^^^^^^^^^^^^^^^^^^^^^^^^^^^^^^^
  File "<frozen importlib._bootstrap>", line 1206, in _gcd_import
  File "<frozen importlib._bootstrap>", line 1178, in _find_and_load
  File "<frozen importlib._bootstrap>", line 1128, in _find_and_load_unlocked
  File "<frozen importlib._bootstrap>", line 241, in _call_with_frames_removed
  File "<frozen importlib._bootstrap>", line 1206, in _gcd_import
  File "<frozen importlib._bootstrap>", line 1178, in _find_and_load
  File "<frozen importlib._bootstrap>", line 1142, in _find_and_load_unlocked
ModuleNotFoundError: No module named 'whitenoise'

The above exception was the direct cause of the following exception:

Traceback (most recent call last):
  File "/usr/lib/python3.11/threading.py", line 1038, in _bootstrap_inner
    self.run()
  File "/usr/lib/python3.11/threading.py", line 975, in run
    self._target(*self._args, **self._kwargs)
  File "/home/ubuntu/django_project/blogicum/venv/lib/python3.11/site-packages/django/utils/autoreload.py", line 64, in wrapper
    fn(*args, **kwargs)
  File "/home/ubuntu/django_project/blogicum/venv/lib/python3.11/site-packages/django/core/management/commands/runserver.py", line 138, in inner_run
    handler = self.get_handler(*args, **options)
              ^^^^^^^^^^^^^^^^^^^^^^^^^^^^^^^^^^
  File "/home/ubuntu/django_project/blogicum/venv/lib/python3.11/site-packages/django/contrib/staticfiles/management/commands/runserver.py", line 27, in get_handler
    handler = super().get_handler(*args, **options)
              ^^^^^^^^^^^^^^^^^^^^^^^^^^^^^^^^^^^^^
  File "/home/ubuntu/django_project/blogicum/venv/lib/python3.11/site-packages/django/core/management/commands/runserver.py", line 65, in get_handler
    return get_internal_wsgi_application()
           ^^^^^^^^^^^^^^^^^^^^^^^^^^^^^^^
  File "/home/ubuntu/django_project/blogicum/venv/lib/python3.11/site-packages/django/core/servers/basehttp.py", line 47, in get_internal_wsgi_application
    raise ImproperlyConfigured(
django.core.exceptions.ImproperlyConfigured: WSGI application 'blogicum.wsgi.application' could not be loaded; Error importing module.
